<?xml version="1.0" encoding="UTF-8"?>
<testng-results ignored="0" total="14" passed="12" failed="2" skipped="0">
  <reporter-output>
  </reporter-output>
  <suite started-at="2023-04-14T20:40:20 IST" name="Suite" finished-at="2023-04-14T20:51:13 IST" duration-ms="653020">
    <groups>
    </groups>
    <test started-at="2023-04-14T20:40:20 IST" name="Test" finished-at="2023-04-14T20:51:13 IST" duration-ms="653020">
      <class name="testCases.LoginTest">
        <test-method is-config="true" signature="Startup()[pri:0, instance:testCases.LoginTest@3de8f619]" started-at="2023-04-14T20:47:03 IST" name="Startup" finished-at="2023-04-14T20:47:19 IST" duration-ms="16247" status="PASS">
          <reporter-output>
          </reporter-output>
        </test-method> <!-- Startup -->
        <test-method signature="LoginwithInValidCredentials()[pri:0, instance:testCases.LoginTest@3de8f619]" started-at="2023-04-14T20:47:19 IST" name="LoginwithInValidCredentials" finished-at="2023-04-14T20:47:27 IST" duration-ms="7909" status="PASS">
          <reporter-output>
          </reporter-output>
        </test-method> <!-- LoginwithInValidCredentials -->
        <test-method is-config="true" signature="close()[pri:0, instance:testCases.LoginTest@3de8f619]" started-at="2023-04-14T20:47:27 IST" name="close" finished-at="2023-04-14T20:47:27 IST" duration-ms="287" status="PASS">
          <reporter-output>
          </reporter-output>
        </test-method> <!-- close -->
        <test-method is-config="true" signature="Startup()[pri:0, instance:testCases.LoginTest@3de8f619]" started-at="2023-04-14T20:47:27 IST" name="Startup" finished-at="2023-04-14T20:47:39 IST" duration-ms="12377" status="PASS">
          <reporter-output>
          </reporter-output>
        </test-method> <!-- Startup -->
        <test-method signature="LoginwithValidCredentials()[pri:0, instance:testCases.LoginTest@3de8f619]" started-at="2023-04-14T20:47:39 IST" name="LoginwithValidCredentials" finished-at="2023-04-14T20:47:50 IST" duration-ms="10663" status="FAIL">
          <exception class="org.openqa.selenium.NoSuchElementException">
            <message>
              <![CDATA[no such element: Unable to locate element: {"method":"xpath","selector":"(//input[@type='email'])[1]"}
  (Session info: chrome=112.0.5615.50)
For documentation on this error, please visit: https://selenium.dev/exceptions/#no_such_element
Build info: version: '4.8.3', revision: 'e5e76298c3'
System info: os.name: 'Windows 11', os.arch: 'amd64', os.version: '10.0', java.version: '17.0.6'
Driver info: org.openqa.selenium.chrome.ChromeDriver
Command: [4303ad92f1b6c06ce7088a5bb2d84d6e, findElement {using=xpath, value=(//input[@type='email'])[1]}]
Capabilities {acceptInsecureCerts: false, browserName: chrome, browserVersion: 112.0.5615.50, chrome: {chromedriverVersion: 112.0.5615.49 (bd2a7bcb881c..., userDataDir: C:\Users\navan\AppData\Loca...}, goog:chromeOptions: {debuggerAddress: localhost:54611}, networkConnectionEnabled: false, pageLoadStrategy: normal, platformName: WINDOWS, proxy: Proxy(), se:cdp: ws://localhost:54611/devtoo..., se:cdpVersion: 112.0.5615.50, setWindowRect: true, strictFileInteractability: false, timeouts: {implicit: 0, pageLoad: 300000, script: 30000}, unhandledPromptBehavior: dismiss and notify, webauthn:extension:credBlob: true, webauthn:extension:largeBlob: true, webauthn:extension:minPinLength: true, webauthn:extension:prf: true, webauthn:virtualAuthenticators: true}
Session ID: 4303ad92f1b6c06ce7088a5bb2d84d6e]]>
            </message>
            <full-stacktrace>
              <![CDATA[org.openqa.selenium.NoSuchElementException: no such element: Unable to locate element: {"method":"xpath","selector":"(//input[@type='email'])[1]"}
  (Session info: chrome=112.0.5615.50)
For documentation on this error, please visit: https://selenium.dev/exceptions/#no_such_element
Build info: version: '4.8.3', revision: 'e5e76298c3'
System info: os.name: 'Windows 11', os.arch: 'amd64', os.version: '10.0', java.version: '17.0.6'
Driver info: org.openqa.selenium.chrome.ChromeDriver
Command: [4303ad92f1b6c06ce7088a5bb2d84d6e, findElement {using=xpath, value=(//input[@type='email'])[1]}]
Capabilities {acceptInsecureCerts: false, browserName: chrome, browserVersion: 112.0.5615.50, chrome: {chromedriverVersion: 112.0.5615.49 (bd2a7bcb881c..., userDataDir: C:\Users\navan\AppData\Loca...}, goog:chromeOptions: {debuggerAddress: localhost:54611}, networkConnectionEnabled: false, pageLoadStrategy: normal, platformName: WINDOWS, proxy: Proxy(), se:cdp: ws://localhost:54611/devtoo..., se:cdpVersion: 112.0.5615.50, setWindowRect: true, strictFileInteractability: false, timeouts: {implicit: 0, pageLoad: 300000, script: 30000}, unhandledPromptBehavior: dismiss and notify, webauthn:extension:credBlob: true, webauthn:extension:largeBlob: true, webauthn:extension:minPinLength: true, webauthn:extension:prf: true, webauthn:virtualAuthenticators: true}
Session ID: 4303ad92f1b6c06ce7088a5bb2d84d6e
at java.base/jdk.internal.reflect.NativeConstructorAccessorImpl.newInstance0(Native Method)
at java.base/jdk.internal.reflect.NativeConstructorAccessorImpl.newInstance(NativeConstructorAccessorImpl.java:77)
at java.base/jdk.internal.reflect.DelegatingConstructorAccessorImpl.newInstance(DelegatingConstructorAccessorImpl.java:45)
at java.base/java.lang.reflect.Constructor.newInstanceWithCaller(Constructor.java:499)
at java.base/java.lang.reflect.Constructor.newInstance(Constructor.java:480)
at org.openqa.selenium.remote.codec.w3c.W3CHttpResponseCodec.createException(W3CHttpResponseCodec.java:200)
at org.openqa.selenium.remote.codec.w3c.W3CHttpResponseCodec.decode(W3CHttpResponseCodec.java:133)
at org.openqa.selenium.remote.codec.w3c.W3CHttpResponseCodec.decode(W3CHttpResponseCodec.java:53)
at org.openqa.selenium.remote.HttpCommandExecutor.execute(HttpCommandExecutor.java:193)
at org.openqa.selenium.remote.service.DriverCommandExecutor.invokeExecute(DriverCommandExecutor.java:183)
at org.openqa.selenium.remote.service.DriverCommandExecutor.execute(DriverCommandExecutor.java:158)
at org.openqa.selenium.remote.RemoteWebDriver.execute(RemoteWebDriver.java:543)
at org.openqa.selenium.remote.ElementLocation$ElementFinder$2.findElement(ElementLocation.java:162)
at org.openqa.selenium.remote.ElementLocation.findElement(ElementLocation.java:60)
at org.openqa.selenium.remote.RemoteWebDriver.findElement(RemoteWebDriver.java:352)
at org.openqa.selenium.remote.RemoteWebDriver.findElement(RemoteWebDriver.java:344)
at org.openqa.selenium.support.pagefactory.DefaultElementLocator.findElement(DefaultElementLocator.java:70)
at org.openqa.selenium.support.pagefactory.internal.LocatingElementHandler.invoke(LocatingElementHandler.java:39)
at jdk.proxy2/jdk.proxy2.$Proxy12.sendKeys(Unknown Source)
at pageObjects.LoginPage.EmailId(LoginPage.java:46)
at testCases.LoginTest.LoginwithValidCredentials(LoginTest.java:15)
at java.base/jdk.internal.reflect.NativeMethodAccessorImpl.invoke0(Native Method)
at java.base/jdk.internal.reflect.NativeMethodAccessorImpl.invoke(NativeMethodAccessorImpl.java:77)
at java.base/jdk.internal.reflect.DelegatingMethodAccessorImpl.invoke(DelegatingMethodAccessorImpl.java:43)
at java.base/java.lang.reflect.Method.invoke(Method.java:568)
at org.testng.internal.invokers.MethodInvocationHelper.invokeMethod(MethodInvocationHelper.java:139)
at org.testng.internal.invokers.TestInvoker.invokeMethod(TestInvoker.java:677)
at org.testng.internal.invokers.TestInvoker.invokeTestMethod(TestInvoker.java:221)
at org.testng.internal.invokers.MethodRunner.runInSequence(MethodRunner.java:50)
at org.testng.internal.invokers.TestInvoker$MethodInvocationAgent.invoke(TestInvoker.java:969)
at org.testng.internal.invokers.TestInvoker.invokeTestMethods(TestInvoker.java:194)
at org.testng.internal.invokers.TestMethodWorker.invokeTestMethods(TestMethodWorker.java:148)
at org.testng.internal.invokers.TestMethodWorker.run(TestMethodWorker.java:128)
at java.base/java.util.ArrayList.forEach(ArrayList.java:1511)
at org.testng.TestRunner.privateRun(TestRunner.java:829)
at org.testng.TestRunner.run(TestRunner.java:602)
at org.testng.SuiteRunner.runTest(SuiteRunner.java:437)
at org.testng.SuiteRunner.runSequentially(SuiteRunner.java:431)
at org.testng.SuiteRunner.privateRun(SuiteRunner.java:391)
at org.testng.SuiteRunner.run(SuiteRunner.java:330)
at org.testng.SuiteRunnerWorker.runSuite(SuiteRunnerWorker.java:52)
at org.testng.SuiteRunnerWorker.run(SuiteRunnerWorker.java:95)
at org.testng.TestNG.runSuitesSequentially(TestNG.java:1256)
at org.testng.TestNG.runSuitesLocally(TestNG.java:1176)
at org.testng.TestNG.runSuites(TestNG.java:1099)
at org.testng.TestNG.run(TestNG.java:1067)
at org.apache.maven.surefire.testng.TestNGExecutor.run(TestNGExecutor.java:284)
at org.apache.maven.surefire.testng.TestNGXmlTestSuite.execute(TestNGXmlTestSuite.java:75)
at org.apache.maven.surefire.testng.TestNGProvider.invoke(TestNGProvider.java:119)
at org.apache.maven.surefire.booter.ForkedBooter.runSuitesInProcess(ForkedBooter.java:428)
at org.apache.maven.surefire.booter.ForkedBooter.execute(ForkedBooter.java:162)
at org.apache.maven.surefire.booter.ForkedBooter.run(ForkedBooter.java:562)
at org.apache.maven.surefire.booter.ForkedBooter.main(ForkedBooter.java:548)
]]>
            </full-stacktrace>
          </exception> <!-- org.openqa.selenium.NoSuchElementException -->
          <reporter-output>
          </reporter-output>
        </test-method> <!-- LoginwithValidCredentials -->
        <test-method is-config="true" signature="close()[pri:0, instance:testCases.LoginTest@3de8f619]" started-at="2023-04-14T20:47:50 IST" name="close" finished-at="2023-04-14T20:47:51 IST" duration-ms="351" status="PASS">
          <reporter-output>
          </reporter-output>
        </test-method> <!-- close -->
        <test-method is-config="true" signature="Startup()[pri:0, instance:testCases.LoginTest@3de8f619]" started-at="2023-04-14T20:47:51 IST" name="Startup" finished-at="2023-04-14T20:48:02 IST" duration-ms="10910" status="PASS">
          <reporter-output>
          </reporter-output>
        </test-method> <!-- Startup -->
        <test-method signature="TestLogin(java.lang.String,java.lang.String)[pri:0, instance:testCases.LoginTest@3de8f619]" started-at="2023-04-14T20:48:02 IST" name="TestLogin" data-provider="logintestdata" finished-at="2023-04-14T20:48:15 IST" duration-ms="12889" status="PASS">
          <params>
            <param index="0">
              <value>
                <![CDATA[spicejettest@yopmail.com]]>
              </value>
            </param>
            <param index="1">
              <value>
                <![CDATA[Test@Password321]]>
              </value>
            </param>
          </params>
          <reporter-output>
          </reporter-output>
        </test-method> <!-- TestLogin -->
        <test-method is-config="true" signature="close()[pri:0, instance:testCases.LoginTest@3de8f619]" started-at="2023-04-14T20:48:15 IST" name="close" finished-at="2023-04-14T20:48:15 IST" duration-ms="292" status="PASS">
          <reporter-output>
          </reporter-output>
        </test-method> <!-- close -->
        <test-method is-config="true" signature="Startup()[pri:0, instance:testCases.LoginTest@3de8f619]" started-at="2023-04-14T20:48:15 IST" name="Startup" finished-at="2023-04-14T20:48:26 IST" duration-ms="10756" status="PASS">
          <reporter-output>
          </reporter-output>
        </test-method> <!-- Startup -->
        <test-method signature="TestLogin(java.lang.String,java.lang.String)[pri:0, instance:testCases.LoginTest@3de8f619]" started-at="2023-04-14T20:48:26 IST" name="TestLogin" data-provider="logintestdata" finished-at="2023-04-14T20:48:39 IST" duration-ms="12868" status="PASS">
          <params>
            <param index="0">
              <value>
                <![CDATA[spicejettest@yopmail.com]]>
              </value>
            </param>
            <param index="1">
              <value>
                <![CDATA[Qwerty]]>
              </value>
            </param>
          </params>
          <reporter-output>
          </reporter-output>
        </test-method> <!-- TestLogin -->
        <test-method is-config="true" signature="close()[pri:0, instance:testCases.LoginTest@3de8f619]" started-at="2023-04-14T20:48:39 IST" name="close" finished-at="2023-04-14T20:48:39 IST" duration-ms="189" status="PASS">
          <reporter-output>
          </reporter-output>
        </test-method> <!-- close -->
        <test-method is-config="true" signature="Startup()[pri:0, instance:testCases.LoginTest@3de8f619]" started-at="2023-04-14T20:48:39 IST" name="Startup" finished-at="2023-04-14T20:48:52 IST" duration-ms="12893" status="PASS">
          <reporter-output>
          </reporter-output>
        </test-method> <!-- Startup -->
        <test-method signature="TestLogin(java.lang.String,java.lang.String)[pri:0, instance:testCases.LoginTest@3de8f619]" started-at="2023-04-14T20:48:52 IST" name="TestLogin" data-provider="logintestdata" finished-at="2023-04-14T20:49:04 IST" duration-ms="12772" status="PASS">
          <params>
            <param index="0">
              <value>
                <![CDATA[spicejettest]]>
              </value>
            </param>
            <param index="1">
              <value>
                <![CDATA[Qwerty]]>
              </value>
            </param>
          </params>
          <reporter-output>
          </reporter-output>
        </test-method> <!-- TestLogin -->
        <test-method is-config="true" signature="close()[pri:0, instance:testCases.LoginTest@3de8f619]" started-at="2023-04-14T20:49:04 IST" name="close" finished-at="2023-04-14T20:49:05 IST" duration-ms="311" status="PASS">
          <reporter-output>
          </reporter-output>
        </test-method> <!-- close -->
        <test-method is-config="true" signature="Startup()[pri:0, instance:testCases.LoginTest@3de8f619]" started-at="2023-04-14T20:49:05 IST" name="Startup" finished-at="2023-04-14T20:49:15 IST" duration-ms="10674" status="PASS">
          <reporter-output>
          </reporter-output>
        </test-method> <!-- Startup -->
        <test-method signature="TestLogin(java.lang.String,java.lang.String)[pri:0, instance:testCases.LoginTest@3de8f619]" started-at="2023-04-14T20:49:15 IST" name="TestLogin" data-provider="logintestdata" finished-at="2023-04-14T20:49:28 IST" duration-ms="12782" status="PASS">
          <params>
            <param index="0">
              <value>
                <![CDATA[spicejettest]]>
              </value>
            </param>
            <param index="1">
              <value>
                <![CDATA[Test@Password321]]>
              </value>
            </param>
          </params>
          <reporter-output>
          </reporter-output>
        </test-method> <!-- TestLogin -->
        <test-method is-config="true" signature="close()[pri:0, instance:testCases.LoginTest@3de8f619]" started-at="2023-04-14T20:49:28 IST" name="close" finished-at="2023-04-14T20:49:28 IST" duration-ms="310" status="PASS">
          <reporter-output>
          </reporter-output>
        </test-method> <!-- close -->
      </class> <!-- testCases.LoginTest -->
      <class name="testCases.ValidationTest">
        <test-method is-config="true" signature="Startup()[pri:0, instance:testCases.ValidationTest@6cb107fd]" started-at="2023-04-14T20:42:11 IST" name="Startup" finished-at="2023-04-14T20:42:21 IST" duration-ms="10261" status="PASS">
          <reporter-output>
          </reporter-output>
        </test-method> <!-- Startup -->
        <test-method signature="CheckIn_Validation()[pri:0, instance:testCases.ValidationTest@6cb107fd]" started-at="2023-04-14T20:42:21 IST" name="CheckIn_Validation" finished-at="2023-04-14T20:42:30 IST" duration-ms="8929" status="PASS">
          <reporter-output>
          </reporter-output>
        </test-method> <!-- CheckIn_Validation -->
        <test-method is-config="true" signature="close()[pri:0, instance:testCases.ValidationTest@6cb107fd]" started-at="2023-04-14T20:42:30 IST" name="close" finished-at="2023-04-14T20:42:30 IST" duration-ms="267" status="PASS">
          <reporter-output>
          </reporter-output>
        </test-method> <!-- close -->
        <test-method is-config="true" signature="Startup()[pri:0, instance:testCases.ValidationTest@6cb107fd]" started-at="2023-04-14T20:42:30 IST" name="Startup" finished-at="2023-04-14T20:42:47 IST" duration-ms="16306" status="PASS">
          <reporter-output>
          </reporter-output>
        </test-method> <!-- Startup -->
        <test-method signature="FlightStatus_Validation()[pri:0, instance:testCases.ValidationTest@6cb107fd]" started-at="2023-04-14T20:42:47 IST" name="FlightStatus_Validation" finished-at="2023-04-14T20:43:00 IST" duration-ms="13874" status="PASS">
          <reporter-output>
          </reporter-output>
        </test-method> <!-- FlightStatus_Validation -->
        <test-method is-config="true" signature="close()[pri:0, instance:testCases.ValidationTest@6cb107fd]" started-at="2023-04-14T20:43:00 IST" name="close" finished-at="2023-04-14T20:43:01 IST" duration-ms="464" status="PASS">
          <reporter-output>
          </reporter-output>
        </test-method> <!-- close -->
        <test-method is-config="true" signature="Startup()[pri:0, instance:testCases.ValidationTest@6cb107fd]" started-at="2023-04-14T20:43:01 IST" name="Startup" finished-at="2023-04-14T20:43:15 IST" duration-ms="13937" status="PASS">
          <reporter-output>
          </reporter-output>
        </test-method> <!-- Startup -->
        <test-method signature="ManageBooking_Validation()[pri:0, instance:testCases.ValidationTest@6cb107fd]" started-at="2023-04-14T20:43:15 IST" name="ManageBooking_Validation" finished-at="2023-04-14T20:43:27 IST" duration-ms="12140" status="PASS">
          <reporter-output>
          </reporter-output>
        </test-method> <!-- ManageBooking_Validation -->
        <test-method is-config="true" signature="close()[pri:0, instance:testCases.ValidationTest@6cb107fd]" started-at="2023-04-14T20:43:27 IST" name="close" finished-at="2023-04-14T20:43:27 IST" duration-ms="459" status="PASS">
          <reporter-output>
          </reporter-output>
        </test-method> <!-- close -->
      </class> <!-- testCases.ValidationTest -->
      <class name="testCases.OnewayTripTest">
        <test-method is-config="true" signature="Startup()[pri:0, instance:testCases.OnewayTripTest@710636b0]" started-at="2023-04-14T20:43:27 IST" name="Startup" finished-at="2023-04-14T20:43:44 IST" duration-ms="16872" status="PASS">
          <reporter-output>
          </reporter-output>
        </test-method> <!-- Startup -->
        <test-method signature="Onewaytrip()[pri:0, instance:testCases.OnewayTripTest@710636b0]" started-at="2023-04-14T20:43:44 IST" name="Onewaytrip" finished-at="2023-04-14T20:44:17 IST" duration-ms="32813" status="PASS">
          <reporter-output>
          </reporter-output>
        </test-method> <!-- Onewaytrip -->
        <test-method is-config="true" signature="close()[pri:0, instance:testCases.OnewayTripTest@710636b0]" started-at="2023-04-14T20:44:17 IST" name="close" finished-at="2023-04-14T20:44:17 IST" duration-ms="295" status="PASS">
          <reporter-output>
          </reporter-output>
        </test-method> <!-- close -->
        <test-method is-config="true" signature="Startup()[pri:0, instance:testCases.OnewayTripTest@710636b0]" started-at="2023-04-14T20:44:17 IST" name="Startup" finished-at="2023-04-14T20:44:32 IST" duration-ms="14229" status="PASS">
          <reporter-output>
          </reporter-output>
        </test-method> <!-- Startup -->
        <test-method signature="Onewaytrip_International2()[pri:0, instance:testCases.OnewayTripTest@710636b0]" started-at="2023-04-14T20:44:32 IST" name="Onewaytrip_International2" finished-at="2023-04-14T20:47:02 IST" duration-ms="150498" status="PASS">
          <reporter-output>
          </reporter-output>
        </test-method> <!-- Onewaytrip_International2 -->
        <test-method is-config="true" signature="close()[pri:0, instance:testCases.OnewayTripTest@710636b0]" started-at="2023-04-14T20:47:02 IST" name="close" finished-at="2023-04-14T20:47:03 IST" duration-ms="402" status="PASS">
          <reporter-output>
          </reporter-output>
        </test-method> <!-- close -->
      </class> <!-- testCases.OnewayTripTest -->
      <class name="testCases.RoundTripTest">
        <test-method is-config="true" signature="Startup()[pri:0, instance:testCases.RoundTripTest@2ab4bc72]" started-at="2023-04-14T20:49:28 IST" name="Startup" finished-at="2023-04-14T20:49:39 IST" duration-ms="10757" status="PASS">
          <reporter-output>
          </reporter-output>
        </test-method> <!-- Startup -->
        <test-method signature="RoundTrip_FamilyFriends()[pri:0, instance:testCases.RoundTripTest@2ab4bc72]" started-at="2023-04-14T20:49:39 IST" name="RoundTrip_FamilyFriends" finished-at="2023-04-14T20:50:15 IST" duration-ms="36112" status="PASS">
          <reporter-output>
          </reporter-output>
        </test-method> <!-- RoundTrip_FamilyFriends -->
        <test-method is-config="true" signature="close()[pri:0, instance:testCases.RoundTripTest@2ab4bc72]" started-at="2023-04-14T20:50:15 IST" name="close" finished-at="2023-04-14T20:50:16 IST" duration-ms="252" status="PASS">
          <reporter-output>
          </reporter-output>
        </test-method> <!-- close -->
        <test-method is-config="true" signature="Startup()[pri:0, instance:testCases.RoundTripTest@2ab4bc72]" started-at="2023-04-14T20:50:16 IST" name="Startup" finished-at="2023-04-14T20:50:26 IST" duration-ms="10323" status="PASS">
          <reporter-output>
          </reporter-output>
        </test-method> <!-- Startup -->
        <test-method signature="RoundTrip_Students()[pri:0, instance:testCases.RoundTripTest@2ab4bc72]" started-at="2023-04-14T20:50:26 IST" name="RoundTrip_Students" finished-at="2023-04-14T20:51:12 IST" duration-ms="46533" status="FAIL">
          <exception class="java.lang.IllegalArgumentException">
            <message>
              <![CDATA[Keys to send should be a not null CharSequence]]>
            </message>
            <full-stacktrace>
              <![CDATA[java.lang.IllegalArgumentException: Keys to send should be a not null CharSequence
at org.openqa.selenium.remote.RemoteWebElement.sendKeys(RemoteWebElement.java:98)
at jdk.internal.reflect.GeneratedMethodAccessor1.invoke(Unknown Source)
at java.base/jdk.internal.reflect.DelegatingMethodAccessorImpl.invoke(DelegatingMethodAccessorImpl.java:43)
at java.base/java.lang.reflect.Method.invoke(Method.java:568)
at org.openqa.selenium.support.pagefactory.internal.LocatingElementHandler.invoke(LocatingElementHandler.java:52)
at jdk.proxy2/jdk.proxy2.$Proxy12.sendKeys(Unknown Source)
at pageObjects.Passengers.ContactInfo(Passengers.java:96)
at testCases.RoundTripTest.RoundTrip_Students(RoundTripTest.java:62)
at java.base/jdk.internal.reflect.NativeMethodAccessorImpl.invoke0(Native Method)
at java.base/jdk.internal.reflect.NativeMethodAccessorImpl.invoke(NativeMethodAccessorImpl.java:77)
at java.base/jdk.internal.reflect.DelegatingMethodAccessorImpl.invoke(DelegatingMethodAccessorImpl.java:43)
at java.base/java.lang.reflect.Method.invoke(Method.java:568)
at org.testng.internal.invokers.MethodInvocationHelper.invokeMethod(MethodInvocationHelper.java:139)
at org.testng.internal.invokers.TestInvoker.invokeMethod(TestInvoker.java:677)
at org.testng.internal.invokers.TestInvoker.invokeTestMethod(TestInvoker.java:221)
at org.testng.internal.invokers.MethodRunner.runInSequence(MethodRunner.java:50)
at org.testng.internal.invokers.TestInvoker$MethodInvocationAgent.invoke(TestInvoker.java:969)
at org.testng.internal.invokers.TestInvoker.invokeTestMethods(TestInvoker.java:194)
at org.testng.internal.invokers.TestMethodWorker.invokeTestMethods(TestMethodWorker.java:148)
at org.testng.internal.invokers.TestMethodWorker.run(TestMethodWorker.java:128)
at java.base/java.util.ArrayList.forEach(ArrayList.java:1511)
at org.testng.TestRunner.privateRun(TestRunner.java:829)
at org.testng.TestRunner.run(TestRunner.java:602)
at org.testng.SuiteRunner.runTest(SuiteRunner.java:437)
at org.testng.SuiteRunner.runSequentially(SuiteRunner.java:431)
at org.testng.SuiteRunner.privateRun(SuiteRunner.java:391)
at org.testng.SuiteRunner.run(SuiteRunner.java:330)
at org.testng.SuiteRunnerWorker.runSuite(SuiteRunnerWorker.java:52)
at org.testng.SuiteRunnerWorker.run(SuiteRunnerWorker.java:95)
at org.testng.TestNG.runSuitesSequentially(TestNG.java:1256)
at org.testng.TestNG.runSuitesLocally(TestNG.java:1176)
at org.testng.TestNG.runSuites(TestNG.java:1099)
at org.testng.TestNG.run(TestNG.java:1067)
at org.apache.maven.surefire.testng.TestNGExecutor.run(TestNGExecutor.java:284)
at org.apache.maven.surefire.testng.TestNGXmlTestSuite.execute(TestNGXmlTestSuite.java:75)
at org.apache.maven.surefire.testng.TestNGProvider.invoke(TestNGProvider.java:119)
at org.apache.maven.surefire.booter.ForkedBooter.runSuitesInProcess(ForkedBooter.java:428)
at org.apache.maven.surefire.booter.ForkedBooter.execute(ForkedBooter.java:162)
at org.apache.maven.surefire.booter.ForkedBooter.run(ForkedBooter.java:562)
at org.apache.maven.surefire.booter.ForkedBooter.main(ForkedBooter.java:548)
]]>
            </full-stacktrace>
          </exception> <!-- java.lang.IllegalArgumentException -->
          <reporter-output>
          </reporter-output>
        </test-method> <!-- RoundTrip_Students -->
        <test-method is-config="true" signature="close()[pri:0, instance:testCases.RoundTripTest@2ab4bc72]" started-at="2023-04-14T20:51:13 IST" name="close" finished-at="2023-04-14T20:51:13 IST" duration-ms="243" status="PASS">
          <reporter-output>
          </reporter-output>
        </test-method> <!-- close -->
      </class> <!-- testCases.RoundTripTest -->
      <class name="testCases.SignUpTest">
        <test-method is-config="true" signature="Startup()[pri:0, instance:testCases.SignUpTest@792b749c]" started-at="2023-04-14T20:40:20 IST" name="Startup" finished-at="2023-04-14T20:41:14 IST" duration-ms="54424" status="PASS">
          <reporter-output>
          </reporter-output>
        </test-method> <!-- Startup -->
        <test-method signature="Singup()[pri:0, instance:testCases.SignUpTest@792b749c]" started-at="2023-04-14T20:41:14 IST" name="Singup" finished-at="2023-04-14T20:42:10 IST" duration-ms="56180" status="PASS">
          <reporter-output>
          </reporter-output>
        </test-method> <!-- Singup -->
        <test-method is-config="true" signature="close()[pri:0, instance:testCases.SignUpTest@792b749c]" started-at="2023-04-14T20:42:10 IST" name="close" finished-at="2023-04-14T20:42:11 IST" duration-ms="337" status="PASS">
          <reporter-output>
          </reporter-output>
        </test-method> <!-- close -->
      </class> <!-- testCases.SignUpTest -->
    </test> <!-- Test -->
  </suite> <!-- Suite -->
</testng-results>
